<?xml version="1.0" encoding="UTF-8"?>
<!-- Generated by org.testng.reporters.JUnitReportReporter -->
<testsuite skipped="0" hostname="DESKTOP-RS94JE5" name="com.training.sanity.tests.TC027_RetailAdmin" tests="1" failures="0" timestamp="20 Feb 2019 10:53:31 GMT" time="23.115" errors="0">
  <testcase name="validLoginTest" time="23.115" classname="com.training.sanity.tests.TC027_RetailAdmin"/>
</testsuite> <!-- com.training.sanity.tests.TC027_RetailAdmin -->
