<?xml version="1.0" encoding="UTF-8"?>
<!-- Generated by org.testng.reporters.JUnitReportReporter -->
<testsuite skipped="0" hostname="DESKTOP-RS94JE5" name="com.training.sanity.tests.TC027_RetailAdmin" tests="1" failures="0" timestamp="15 Feb 2019 09:22:57 GMT" time="19.882" errors="0">
  <testcase name="validLoginTest" time="19.882" classname="com.training.sanity.tests.TC027_RetailAdmin"/>
</testsuite> <!-- com.training.sanity.tests.TC027_RetailAdmin -->
