<?xml version="1.0" encoding="UTF-8"?>
<!-- Generated by org.testng.reporters.JUnitReportReporter -->
<testsuite skipped="0" hostname="DESKTOP-RS94JE5" name="com.training.sanity.tests.TC058_RetailAdmin" tests="1" failures="0" timestamp="22 Feb 2019 04:47:25 GMT" time="21.596" errors="0">
  <testcase name="validLoginTest" time="21.596" classname="com.training.sanity.tests.TC058_RetailAdmin"/>
</testsuite> <!-- com.training.sanity.tests.TC058_RetailAdmin -->
