<?xml version="1.0" encoding="UTF-8"?>
<!-- Generated by org.testng.reporters.JUnitReportReporter -->
<testsuite skipped="0" hostname="DESKTOP-RS94JE5" name="com.training.sanity.tests.TC030_RetailUserLogin" tests="1" failures="0" timestamp="04 Mar 2019 10:46:15 GMT" time="24.006" errors="0">
  <testcase name="validRetailUserLogin" time="24.006" classname="com.training.sanity.tests.TC030_RetailUserLogin"/>
</testsuite> <!-- com.training.sanity.tests.TC030_RetailUserLogin -->
