<?xml version="1.0" encoding="UTF-8"?>
<!-- Generated by org.testng.reporters.JUnitReportReporter -->
<testsuite skipped="0" hostname="DESKTOP-RS94JE5" name="com.training.sanity.tests.TC057_RetailAdmin" tests="1" failures="0" timestamp="04 Mar 2019 17:19:12 GMT" time="29.882" errors="0">
  <testcase name="validLoginTest" time="29.882" classname="com.training.sanity.tests.TC057_RetailAdmin"/>
</testsuite> <!-- com.training.sanity.tests.TC057_RetailAdmin -->
