<?xml version="1.0" encoding="UTF-8"?>
<!-- Generated by org.testng.reporters.JUnitReportReporter -->
<testsuite skipped="0" hostname="DESKTOP-RS94JE5" name="com.training.sanity.tests.TC088_RetailAdmin" tests="1" failures="0" timestamp="12 Mar 2019 16:02:44 GMT" time="23.430" errors="0">
  <testcase name="loginDBTest" time="23.430" classname="com.training.sanity.tests.TC088_RetailAdmin"/>
</testsuite> <!-- com.training.sanity.tests.TC088_RetailAdmin -->
