<?xml version="1.0" encoding="UTF-8"?>
<!-- Generated by org.testng.reporters.JUnitReportReporter -->
<testsuite skipped="0" hostname="DESKTOP-RS94JE5" name="com.training.sanity.tests.TC026_RetailAdmin" tests="1" failures="0" timestamp="04 Mar 2019 19:36:56 GMT" time="21.634" errors="0">
  <testcase name="purchasedProducts" time="21.634" classname="com.training.sanity.tests.TC026_RetailAdmin"/>
</testsuite> <!-- com.training.sanity.tests.TC026_RetailAdmin -->
