<?xml version="1.0" encoding="UTF-8"?>
<!-- Generated by org.testng.reporters.JUnitReportReporter -->
<testsuite skipped="0" hostname="DESKTOP-RS94JE5" name="com.training.sanity.tests.TC029_RetailAdmin" tests="1" failures="0" timestamp="21 Feb 2019 07:08:53 GMT" time="17.820" errors="0">
  <testcase name="validLoginTest" time="17.820" classname="com.training.sanity.tests.TC029_RetailAdmin"/>
</testsuite> <!-- com.training.sanity.tests.TC029_RetailAdmin -->
