<?xml version="1.0" encoding="UTF-8"?>
<!-- Generated by org.testng.reporters.JUnitReportReporter -->
<testsuite skipped="0" hostname="DESKTOP-RS94JE5" name="com.training.sanity.tests.TC056_RetailAdmin" tests="1" failures="0" timestamp="04 Mar 2019 12:12:16 GMT" time="28.844" errors="0">
  <testcase name="validLoginTest" time="28.844" classname="com.training.sanity.tests.TC056_RetailAdmin"/>
</testsuite> <!-- com.training.sanity.tests.TC056_RetailAdmin -->
