<?xml version="1.0" encoding="UTF-8"?>
<!-- Generated by org.testng.reporters.JUnitReportReporter -->
<testsuite skipped="0" hostname="DESKTOP-RS94JE5" name="com.training.sanity.tests.TC090_RetailAdmin" tests="1" failures="0" timestamp="11 Mar 2019 16:23:34 GMT" time="31.403" errors="0">
  <testcase name="loginDBTest" time="31.403" classname="com.training.sanity.tests.TC090_RetailAdmin"/>
</testsuite> <!-- com.training.sanity.tests.TC090_RetailAdmin -->
