<?xml version="1.0" encoding="UTF-8"?>
<!-- Generated by org.testng.reporters.JUnitReportReporter -->
<testsuite skipped="0" hostname="DESKTOP-RS94JE5" name="com.training.sanity.tests.TC029_RetailAdmin" tests="1" failures="0" timestamp="04 Mar 2019 10:24:37 GMT" time="18.912" errors="0">
  <testcase name="validAdminLogin" time="18.912" classname="com.training.sanity.tests.TC029_RetailAdmin"/>
</testsuite> <!-- com.training.sanity.tests.TC029_RetailAdmin -->
