<?xml version="1.0" encoding="UTF-8"?>
<!-- Generated by org.testng.reporters.JUnitReportReporter -->
<testsuite skipped="0" hostname="DESKTOP-RS94JE5" name="com.training.sanity.tests.TC060_RetailAdmin" tests="1" failures="0" timestamp="04 Mar 2019 18:36:49 GMT" time="41.878" errors="0">
  <testcase name="validLoginTest" time="41.878" classname="com.training.sanity.tests.TC060_RetailAdmin"/>
</testsuite> <!-- com.training.sanity.tests.TC060_RetailAdmin -->
