<?xml version="1.0" encoding="UTF-8"?>
<!-- Generated by org.testng.reporters.JUnitReportReporter -->
<testsuite skipped="0" hostname="DESKTOP-RS94JE5" name="com.training.sanity.tests.TC026_RetailAdmin" tests="1" failures="0" timestamp="20 Feb 2019 10:35:14 GMT" time="38.164" errors="0">
  <testcase name="validLoginTest" time="38.164" classname="com.training.sanity.tests.TC026_RetailAdmin"/>
</testsuite> <!-- com.training.sanity.tests.TC026_RetailAdmin -->
