<?xml version="1.0" encoding="UTF-8"?>
<!-- Generated by org.testng.reporters.JUnitReportReporter -->
<testsuite skipped="0" hostname="DESKTOP-RS94JE5" name="com.training.sanity.tests.TC056_RetailAdmin" tests="1" failures="0" timestamp="21 Feb 2019 14:43:25 GMT" time="26.863" errors="0">
  <testcase name="validLoginTest" time="26.863" classname="com.training.sanity.tests.TC056_RetailAdmin"/>
</testsuite> <!-- com.training.sanity.tests.TC056_RetailAdmin -->
