<?xml version="1.0" encoding="UTF-8"?>
<!-- Generated by org.testng.reporters.JUnitReportReporter -->
<testsuite skipped="0" hostname="DESKTOP-RS94JE5" name="com.training.sanity.tests.TC027_RetailAdmin" tests="1" failures="0" timestamp="04 Mar 2019 10:07:50 GMT" time="21.341" errors="0">
  <testcase name="customersOnline" time="21.341" classname="com.training.sanity.tests.TC027_RetailAdmin"/>
</testsuite> <!-- com.training.sanity.tests.TC027_RetailAdmin -->
