<?xml version="1.0" encoding="UTF-8"?>
<!-- Generated by org.testng.reporters.JUnitReportReporter -->
<testsuite skipped="0" hostname="DESKTOP-RS94JE5" name="com.training.sanity.tests.TC060_RetailAdmin" tests="1" failures="0" timestamp="22 Feb 2019 13:02:30 GMT" time="44.785" errors="0">
  <testcase name="validLoginTest" time="44.785" classname="com.training.sanity.tests.TC060_RetailAdmin"/>
</testsuite> <!-- com.training.sanity.tests.TC060_RetailAdmin -->
