<?xml version="1.0" encoding="UTF-8"?>
<!-- Generated by org.testng.reporters.JUnitReportReporter -->
<testsuite skipped="0" hostname="DESKTOP-RS94JE5" name="com.training.sanity.tests.TC058_RetailAdmin" tests="1" failures="0" timestamp="04 Mar 2019 17:43:09 GMT" time="17.952" errors="0">
  <testcase name="validLoginTest" time="17.952" classname="com.training.sanity.tests.TC058_RetailAdmin"/>
</testsuite> <!-- com.training.sanity.tests.TC058_RetailAdmin -->
