<?xml version="1.0" encoding="UTF-8"?>
<!-- Generated by org.testng.reporters.JUnitReportReporter -->
<testsuite skipped="0" hostname="DESKTOP-RS94JE5" name="com.training.sanity.tests.TC028_RetailAdmin" tests="1" failures="0" timestamp="04 Mar 2019 10:13:54 GMT" time="21.136" errors="0">
  <testcase name="customersActivity" time="21.136" classname="com.training.sanity.tests.TC028_RetailAdmin"/>
</testsuite> <!-- com.training.sanity.tests.TC028_RetailAdmin -->
