<?xml version="1.0" encoding="UTF-8"?>
<!-- Generated by org.testng.reporters.JUnitReportReporter -->
<testsuite skipped="0" hostname="DESKTOP-RS94JE5" name="com.training.sanity.tests.TC028_RetailAdmin" tests="1" failures="0" timestamp="15 Feb 2019 09:24:17 GMT" time="18.151" errors="0">
  <testcase name="validLoginTest" time="18.151" classname="com.training.sanity.tests.TC028_RetailAdmin"/>
</testsuite> <!-- com.training.sanity.tests.TC028_RetailAdmin -->
