<?xml version="1.0" encoding="UTF-8"?>
<!-- Generated by org.testng.reporters.JUnitReportReporter -->
<testsuite skipped="0" hostname="DESKTOP-RS94JE5" name="com.training.sanity.tests.TC0035_SaveProduct" tests="1" failures="0" timestamp="28 Feb 2019 06:10:40 GMT" time="35.617" errors="0">
  <testcase name="validLoginTest" time="35.617" classname="com.training.sanity.tests.TC0035_SaveProduct"/>
</testsuite> <!-- com.training.sanity.tests.TC0035_SaveProduct -->
