<?xml version="1.0" encoding="UTF-8"?>
<!-- Generated by org.testng.reporters.JUnitReportReporter -->
<testsuite skipped="0" hostname="DESKTOP-RS94JE5" name="com.training.sanity.tests.TC059_RetailAdmin" tests="1" failures="0" timestamp="04 Mar 2019 18:24:59 GMT" time="42.550" errors="0">
  <testcase name="validLoginTest" time="42.550" classname="com.training.sanity.tests.TC059_RetailAdmin"/>
</testsuite> <!-- com.training.sanity.tests.TC059_RetailAdmin -->
